Arguments: 
  /usr/local/bin/node /usr/local/Cellar/yarn/1.15.2/libexec/bin/yarn.js

PATH: 
  /Users/takeuchitaketo/.pyenv/shims:/Users/takeuchitaketo/.pyenv/bin:/Library/Frameworks/Python.framework/Versions/3.7/bin:/Users/takeuchitaketo/anaconda3/bin:/Library/Frameworks/Python.framework/Versions/3.6/bin:/Library/Frameworks/Python.framework/Versions/2.7/bin:/usr/local/bin:/usr/bin:/bin:/usr/sbin:/sbin:/Users/takeuchitaketo/.pyenv/shims:/Users/takeuchitaketo/.pyenv/bin:/Library/Frameworks/Python.framework/Versions/3.7/bin:/Users/takeuchitaketo/anaconda3/bin:/Library/Frameworks/Python.framework/Versions/3.6/bin:/Library/Frameworks/Python.framework/Versions/2.7/bin:/Library/Java/JavaVirtualMachines/jdk-10.jdk/Contents/Home/bin

Yarn version: 
  1.15.2

Node version: 
  8.11.3

Platform: 
  darwin x64

Trace: 
  SyntaxError: /Users/takeuchitaketo/github/bank/package.json: Unexpected token } in JSON at position 1155
      at JSON.parse (<anonymous>)
      at /usr/local/Cellar/yarn/1.15.2/libexec/lib/cli.js:1625:59
      at Generator.next (<anonymous>)
      at step (/usr/local/Cellar/yarn/1.15.2/libexec/lib/cli.js:304:30)
      at /usr/local/Cellar/yarn/1.15.2/libexec/lib/cli.js:315:13
      at <anonymous>

npm manifest: 
  {
    "name": "bank",
    "version": "1.0.0",
    "description": "language",
    "main": "app.js",
    "author": "kentotakeuchi",
    "license": "MIT",
    "engines": {
      "node": "8.11.3"
    },
    "scripts": {
      "test": "echo \"Error: no test specified\" && exit 1",
      "client-install": "yarn install --prefix client",
      "start": "NODE_ENV=production MONGO_USER=kento MONGO_PASSWORD=5RnPsLOhdnUeCzfU MONGO_DEFAULT_DATABASE=phrases node app.js",
      "start-server": "node app.js",
      "server": "nodemon app.js",
      "client": "yarn start --prefix client",
      "dev": "concurrently \"yarn run server\" \"yarn run client\"",
      "heroku-postbuild": "cd client && yarn && yarn build"
    },
    "dependencies": {
      "axios": "^0.18.0",
      "bcryptjs": "^2.4.3",
      "body-parser": "^1.19.0",
      "compression": "^1.7.4",
      "concurrently": "^4.1.0",
      "crypto": "^1.0.1",
      "express": "^4.16.4",
      "express-validator": "^5.3.1",
      "helmet": "^3.18.0",
      "jsonwebtoken": "^8.5.1",
      "mongodb": "^3.2.4",
      "mongoose": "^5.5.9",
      "morgan": "^1.9.1",
      "nodemailer": "^6.1.1",
      "nodemailer-sendgrid-transport": "^0.2.0",
      "nodemon": "^1.19.0",
    }
  }

yarn manifest: 
  No manifest

Lockfile: 
  No lockfile
